[2025-10-17 01:25:22] INFO — admin_action method=GET path=/api/admin/users status=403 admin_id=509e6536-3838-48c4-8738-65189422f28b
[2025-10-17 01:25:22] INFO — admin_action method=GET path=/api/admin/users status=200 admin_id=e4ffe7b1-f4ff-42f2-8856-a42743d6427b
[2025-10-17 01:25:35] INFO — admin_action method=GET path=/api/admin/users status=403 admin_id=2e8d7edb-14b2-4c65-973d-1aae672e7e16
[2025-10-17 01:25:35] INFO — admin_action method=GET path=/api/admin/users status=200 admin_id=a984925f-3306-46f2-a0dd-011c6403fffd
[2025-10-17 01:26:07] INFO — admin_action method=GET path=/api/admin/users status=403 admin_id=20e5696c-ea3c-47aa-b300-884b27eda128
[2025-10-17 01:26:07] INFO — admin_action method=GET path=/api/admin/users status=200 admin_id=e0d3b9f0-271e-421c-a1c4-18ca99d4f22d
[2025-10-17 01:26:08] INFO — admin_action method=GET path=/api/admin/statistics status=200 admin_id=3b8563ef-1f90-4449-a04b-6ef90a4b8461
[2025-10-17 01:26:08] INFO — admin_action method=GET path=/api/admin/statistics/export status=200 admin_id=3b8563ef-1f90-4449-a04b-6ef90a4b8461
[2025-10-17 01:26:45] INFO — admin_action method=GET path=/api/admin/users status=403 admin_id=c69f534b-7df0-4b78-ae53-99f1a5ac7b37
[2025-10-17 01:26:45] INFO — admin_action method=GET path=/api/admin/users status=200 admin_id=8ec29933-dfc6-44c8-9912-8447c780ad9d
[2025-10-17 01:26:45] INFO — admin_action method=PATCH path=/api/admin/users/c9d8ab34-75d6-454a-8445-27a42ac7b274/role status=200 admin_id=cbb383fd-6c14-4a63-9d15-bbac87ac9d65
[2025-10-17 01:26:45] INFO — admin_action method=PATCH path=/api/admin/campaigns/4f6ba6c9-c972-4c4a-b565-0636718b0b6a/status status=200 admin_id=4f1bcfea-c4e9-4ccb-b9b0-65f121c3dd38
[2025-10-17 01:26:45] INFO — admin_action method=DELETE path=/api/admin/campaigns/4f6ba6c9-c972-4c4a-b565-0636718b0b6a status=403 admin_id=4f1bcfea-c4e9-4ccb-b9b0-65f121c3dd38
[2025-10-17 01:26:45] INFO — admin_action method=DELETE path=/api/admin/campaigns/4f6ba6c9-c972-4c4a-b565-0636718b0b6a status=204 admin_id=ba86935a-4cf4-4397-ab76-5f3f901da3cd
[2025-10-17 01:26:45] INFO — admin_action method=GET path=/api/admin/statistics status=200 admin_id=7a648bd2-b76e-4aa9-922a-5971c7948783
[2025-10-17 01:26:45] INFO — admin_action method=GET path=/api/admin/statistics/export status=200 admin_id=7a648bd2-b76e-4aa9-922a-5971c7948783
[2025-10-17 01:27:07] INFO — admin_action method=GET path=/api/admin/users status=403 admin_id=ba4fe875-fcef-41ff-b159-25c9f7d66959
[2025-10-17 01:27:07] INFO — admin_action method=GET path=/api/admin/users status=200 admin_id=a0d4a22b-e227-4c4d-86b9-6f21d3d13cf0
[2025-10-17 01:27:07] INFO — admin_action method=PATCH path=/api/admin/users/69b22d05-487d-4b21-9a96-b0725f817b77/role status=200 admin_id=df8062f0-b9f7-4367-b42e-452fd259e2c1
[2025-10-17 01:27:07] INFO — admin_action method=PATCH path=/api/admin/campaigns/f00b4bd3-da9f-40d8-aa45-b686526c9739/status status=200 admin_id=82f9a4b2-8e77-4386-b7c7-f152061f7828
[2025-10-17 01:27:07] INFO — admin_action method=DELETE path=/api/admin/campaigns/f00b4bd3-da9f-40d8-aa45-b686526c9739 status=403 admin_id=82f9a4b2-8e77-4386-b7c7-f152061f7828
[2025-10-17 01:27:07] INFO — admin_action method=DELETE path=/api/admin/campaigns/f00b4bd3-da9f-40d8-aa45-b686526c9739 status=204 admin_id=c6d75b0f-8061-4d65-9f7d-2f83f2360a49
[2025-10-17 01:27:08] INFO — admin_action method=GET path=/api/admin/statistics status=200 admin_id=87ac2a36-07b1-4973-b2a7-06b8ce2a0e2a
[2025-10-17 01:27:08] INFO — admin_action method=GET path=/api/admin/statistics/export status=200 admin_id=87ac2a36-07b1-4973-b2a7-06b8ce2a0e2a
[2025-10-17 01:30:31] INFO — admin_action method=GET path=/api/admin/users status=403 admin_id=523b64ae-0989-4fe6-bb0a-5048a294085a
[2025-10-17 01:30:31] INFO — admin_action method=GET path=/api/admin/users status=200 admin_id=aa8881aa-a882-4cbe-ba3d-33effe210406
[2025-10-17 01:30:31] INFO — admin_action method=PATCH path=/api/admin/users/cc96a438-744e-4afe-8580-990402b5b20e/role status=200 admin_id=58b21cd8-3f20-47b9-9567-deb8c5723d38
[2025-10-17 01:30:31] INFO — admin_action method=PATCH path=/api/admin/campaigns/896ace78-3cb6-4cea-85b6-c0bf9a230413/status status=200 admin_id=30e9bd48-10a4-43b3-bff9-bf44863bc0b6
[2025-10-17 01:30:31] INFO — admin_action method=DELETE path=/api/admin/campaigns/896ace78-3cb6-4cea-85b6-c0bf9a230413 status=403 admin_id=30e9bd48-10a4-43b3-bff9-bf44863bc0b6
[2025-10-17 01:30:31] INFO — admin_action method=DELETE path=/api/admin/campaigns/896ace78-3cb6-4cea-85b6-c0bf9a230413 status=204 admin_id=30d15628-cf1a-4b55-9251-59e136bb910b
[2025-10-17 01:30:31] INFO — admin_action method=GET path=/api/admin/statistics status=200 admin_id=1f93b1e0-6012-431d-bb0d-ee4a52c0cfec
[2025-10-17 01:30:31] INFO — admin_action method=GET path=/api/admin/statistics/export status=200 admin_id=1f93b1e0-6012-431d-bb0d-ee4a52c0cfec
[2025-10-17 02:10:46] INFO — admin_action method=GET path=/api/admin/users status=200 admin_id=16259c0c-e7b3-4ed9-95fc-5779c0e6c0fc
